<?xml version="1.0" encoding="UTF-8"?>
<!-- Generated by org.testng.reporters.JUnitReportReporter -->
<testsuite hostname="Tejashrees-MacBook-Air.local" failures="0" tests="1" name="Runner.TestNGRunner" time="3.950" errors="0" timestamp="2024-07-31T16:09:17 IST" skipped="0">
  <testcase classname="Runner.TestNGRunner" name="runScenario" time="3.950"/>
</testsuite> <!-- Runner.TestNGRunner -->
